<?xml version="1.0" encoding="UTF-8"?>
<testng-results skipped="0" failed="0" ignored="0" total="1" passed="1">
  <reporter-output>
  </reporter-output>
  <suite name="Default suite" duration-ms="58" started-at="2017-05-27T19:59:18Z" finished-at="2017-05-27T19:59:18Z">
    <groups>
    </groups>
    <test name="Default test" duration-ms="58" started-at="2017-05-27T19:59:18Z" finished-at="2017-05-27T19:59:18Z">
      <class name="core.AppTest">
        <test-method status="PASS" signature="test()[pri:0, instance:core.AppTest@32e6e9c3]" name="test" duration-ms="20" started-at="2017-05-27T12:59:18Z" finished-at="2017-05-27T12:59:18Z">
          <reporter-output>
          </reporter-output>
        </test-method> <!-- test -->
      </class> <!-- core.AppTest -->
    </test> <!-- Default test -->
  </suite> <!-- Default suite -->
</testng-results>
